jump [script] % ./upgrade-k8s.sh cluster2 1.30.4
Updating sources.list

PLAY [copy sources.list] **************************************************************************************

TASK [copy sources.list] **************************************************************************************
ok: [jjmastdr]
ok: [jjkw21]
ok: [jjkw24]
ok: [jjkw23]
ok: [jjkw22]

PLAY RECAP ****************************************************************************************************
jjkw21                     : ok=1    changed=0    unreachable=0    failed=0    skipped=0    rescued=0    ignored=0
jjkw22                     : ok=1    changed=0    unreachable=0    failed=0    skipped=0    rescued=0    ignored=0
jjkw23                     : ok=1    changed=0    unreachable=0    failed=0    skipped=0    rescued=0    ignored=0
jjkw24                     : ok=1    changed=0    unreachable=0    failed=0    skipped=0    rescued=0    ignored=0
jjmastdr                   : ok=1    changed=0    unreachable=0    failed=0    skipped=0    rescued=0    ignored=0

Upgrading master.

PLAY [upgrade kubernetes cluster] *****************************************************************************

TASK [apt update] *********************************************************************************************
ok: [jjmastdr]

TASK [unhold kubeadm] *****************************************************************************************
ok: [jjmastdr]

TASK [kill apiserver] *****************************************************************************************
changed: [jjmastdr]

TASK [upgrade kubeadm] ****************************************************************************************
changed: [jjmastdr]

TASK [hold kubeadm] *******************************************************************************************
changed: [jjmastdr]

TASK [wait for apiserver] *************************************************************************************
changed: [jjmastdr]

TASK [kubeadm upgrade] ****************************************************************************************
changed: [jjmastdr]

TASK [drain the node] *****************************************************************************************
changed: [jjmastdr]

TASK [unhold kubelet] *****************************************************************************************
changed: [jjmastdr]

TASK [unhold kubectl] *****************************************************************************************
changed: [jjmastdr]

TASK [upgrade kubelet] ****************************************************************************************
changed: [jjmastdr]

TASK [upgrade kubectl] ****************************************************************************************
changed: [jjmastdr]

TASK [hold kubelet] *******************************************************************************************
changed: [jjmastdr]

TASK [hold kubectl] *******************************************************************************************
changed: [jjmastdr]

TASK [daemon reload] ******************************************************************************************
changed: [jjmastdr]

TASK [restart kubelet] ****************************************************************************************
changed: [jjmastdr]

TASK [uncordon the node] **************************************************************************************
changed: [jjmastdr]

PLAY RECAP ****************************************************************************************************
jjmastdr                   : ok=17   changed=15   unreachable=0    failed=0    skipped=0    rescued=0    ignored=0

Waiting for kube-system pods
Upgrading workers.

PLAY [upgrade kubernetes cluster] *****************************************************************************

TASK [apt update] *********************************************************************************************
changed: [jjkw21]

TASK [unhold kubeadm] *****************************************************************************************
changed: [jjkw21]

TASK [upgrade kubeadm] ****************************************************************************************
changed: [jjkw21]

TASK [hold kubeadm] *******************************************************************************************
changed: [jjkw21]

TASK [drain the node] *****************************************************************************************
changed: [jjkw21]

TASK [upgrade node] *******************************************************************************************
changed: [jjkw21]

TASK [unhold kubelet] *****************************************************************************************
changed: [jjkw21]

TASK [unhold kubectl] *****************************************************************************************
changed: [jjkw21]

TASK [upgrade kubelet] ****************************************************************************************
changed: [jjkw21]

TASK [upgrade kubectl] ****************************************************************************************
changed: [jjkw21]

TASK [hold kubelet] *******************************************************************************************
changed: [jjkw21]

TASK [hold kubectl] *******************************************************************************************
changed: [jjkw21]

TASK [daemon reload] ******************************************************************************************
changed: [jjkw21]

TASK [restart kubelet] ****************************************************************************************
changed: [jjkw21]

TASK [uncordon the node] **************************************************************************************
changed: [jjkw21]

TASK [sleep 15sec] ********************************************************************************************
changed: [jjkw21]

PLAY [upgrade kubernetes cluster] *****************************************************************************

TASK [apt update] *********************************************************************************************
changed: [jjkw22]

TASK [unhold kubeadm] *****************************************************************************************
changed: [jjkw22]

TASK [upgrade kubeadm] ****************************************************************************************
changed: [jjkw22]

TASK [hold kubeadm] *******************************************************************************************
changed: [jjkw22]

TASK [drain the node] *****************************************************************************************
changed: [jjkw22]

TASK [upgrade node] *******************************************************************************************
changed: [jjkw22]

TASK [unhold kubelet] *****************************************************************************************
changed: [jjkw22]

TASK [unhold kubectl] *****************************************************************************************
changed: [jjkw22]

TASK [upgrade kubelet] ****************************************************************************************
changed: [jjkw22]

TASK [upgrade kubectl] ****************************************************************************************
changed: [jjkw22]

TASK [hold kubelet] *******************************************************************************************
changed: [jjkw22]

TASK [hold kubectl] *******************************************************************************************
changed: [jjkw22]

TASK [daemon reload] ******************************************************************************************
changed: [jjkw22]

TASK [restart kubelet] ****************************************************************************************
changed: [jjkw22]

TASK [uncordon the node] **************************************************************************************
changed: [jjkw22]

TASK [sleep 15sec] ********************************************************************************************
changed: [jjkw22]

PLAY [upgrade kubernetes cluster] *****************************************************************************

TASK [apt update] *********************************************************************************************
changed: [jjkw23]

TASK [unhold kubeadm] *****************************************************************************************
changed: [jjkw23]

TASK [upgrade kubeadm] ****************************************************************************************
changed: [jjkw23]

TASK [hold kubeadm] *******************************************************************************************
changed: [jjkw23]

TASK [drain the node] *****************************************************************************************
changed: [jjkw23]

TASK [upgrade node] *******************************************************************************************
changed: [jjkw23]

TASK [unhold kubelet] *****************************************************************************************
changed: [jjkw23]

TASK [unhold kubectl] *****************************************************************************************
changed: [jjkw23]

TASK [upgrade kubelet] ****************************************************************************************
changed: [jjkw23]

TASK [upgrade kubectl] ****************************************************************************************
changed: [jjkw23]

TASK [hold kubelet] *******************************************************************************************
changed: [jjkw23]

TASK [hold kubectl] *******************************************************************************************
changed: [jjkw23]

TASK [daemon reload] ******************************************************************************************
changed: [jjkw23]

TASK [restart kubelet] ****************************************************************************************
changed: [jjkw23]

TASK [uncordon the node] **************************************************************************************
changed: [jjkw23]

TASK [sleep 15sec] ********************************************************************************************
changed: [jjkw23]

PLAY [upgrade kubernetes cluster] *****************************************************************************

TASK [apt update] *********************************************************************************************
changed: [jjkw24]

TASK [unhold kubeadm] *****************************************************************************************
changed: [jjkw24]

TASK [upgrade kubeadm] ****************************************************************************************
changed: [jjkw24]

TASK [hold kubeadm] *******************************************************************************************
changed: [jjkw24]

TASK [drain the node] *****************************************************************************************
changed: [jjkw24]

TASK [upgrade node] *******************************************************************************************
changed: [jjkw24]

TASK [unhold kubelet] *****************************************************************************************
changed: [jjkw24]

TASK [unhold kubectl] *****************************************************************************************
changed: [jjkw24]

TASK [upgrade kubelet] ****************************************************************************************
changed: [jjkw24]

TASK [upgrade kubectl] ****************************************************************************************
changed: [jjkw24]

TASK [hold kubelet] *******************************************************************************************
changed: [jjkw24]

TASK [hold kubectl] *******************************************************************************************
changed: [jjkw24]

TASK [daemon reload] ******************************************************************************************
changed: [jjkw24]

TASK [restart kubelet] ****************************************************************************************
changed: [jjkw24]

TASK [uncordon the node] **************************************************************************************
changed: [jjkw24]

TASK [sleep 15sec] ********************************************************************************************
changed: [jjkw24]

PLAY RECAP ****************************************************************************************************
jjkw21                     : ok=16   changed=16   unreachable=0    failed=0    skipped=0    rescued=0    ignored=0
jjkw22                     : ok=16   changed=16   unreachable=0    failed=0    skipped=0    rescued=0    ignored=0
jjkw23                     : ok=16   changed=16   unreachable=0    failed=0    skipped=0    rescued=0    ignored=0
jjkw24                     : ok=16   changed=16   unreachable=0    failed=0    skipped=0    rescued=0    ignored=0

Upgrade finished.
jump [script] %


